execve("./hello", ["./hello"], 0x7ffcafa5d5a8 /* 76 vars */) = 0 <0.000624>
brk(NULL)                               = 0x564ee7f51000 <0.000062>
arch_prctl(0x3001 /* ARCH_??? */, 0x7fffe8416500) = -1 EINVAL (Invalid argument) <0.000024>
access("/etc/ld.so.preload", R_OK)      = -1 ENOENT (No such file or directory) <0.000097>
openat(AT_FDCWD, "/etc/ld.so.cache", O_RDONLY|O_CLOEXEC) = 3 <0.000045>
fstat(3, {st_mode=S_IFREG|0644, st_size=99391, ...}) = 0 <0.000027>
mmap(NULL, 99391, PROT_READ, MAP_PRIVATE, 3, 0) = 0x7f0ee1a42000 <0.000033>
close(3)                                = 0 <0.000024>
openat(AT_FDCWD, "/lib/x86_64-linux-gnu/libc.so.6", O_RDONLY|O_CLOEXEC) = 3 <0.000037>
read(3, "\177ELF\2\1\1\3\0\0\0\0\0\0\0\0\3\0>\0\1\0\0\0\360q\2\0\0\0\0\0"..., 832) = 832 <0.000028>
pread64(3, "\6\0\0\0\4\0\0\0@\0\0\0\0\0\0\0@\0\0\0\0\0\0\0@\0\0\0\0\0\0\0"..., 784, 64) = 784 <0.000025>
pread64(3, "\4\0\0\0\20\0\0\0\5\0\0\0GNU\0\2\0\0\300\4\0\0\0\3\0\0\0\0\0\0\0", 32, 848) = 32 <0.000025>
pread64(3, "\4\0\0\0\24\0\0\0\3\0\0\0GNU\0\t\233\222%\274\260\320\31\331\326\10\204\276X>\263"..., 68, 880) = 68 <0.000025>
fstat(3, {st_mode=S_IFREG|0755, st_size=2029224, ...}) = 0 <0.000025>
mmap(NULL, 8192, PROT_READ|PROT_WRITE, MAP_PRIVATE|MAP_ANONYMOUS, -1, 0) = 0x7f0ee1a40000 <0.000029>
pread64(3, "\6\0\0\0\4\0\0\0@\0\0\0\0\0\0\0@\0\0\0\0\0\0\0@\0\0\0\0\0\0\0"..., 784, 64) = 784 <0.000025>
pread64(3, "\4\0\0\0\20\0\0\0\5\0\0\0GNU\0\2\0\0\300\4\0\0\0\3\0\0\0\0\0\0\0", 32, 848) = 32 <0.000024>
pread64(3, "\4\0\0\0\24\0\0\0\3\0\0\0GNU\0\t\233\222%\274\260\320\31\331\326\10\204\276X>\263"..., 68, 880) = 68 <0.000026>
mmap(NULL, 2036952, PROT_READ, MAP_PRIVATE|MAP_DENYWRITE, 3, 0) = 0x7f0ee184e000 <0.000032>
mprotect(0x7f0ee1873000, 1847296, PROT_NONE) = 0 <0.000038>
mmap(0x7f0ee1873000, 1540096, PROT_READ|PROT_EXEC, MAP_PRIVATE|MAP_FIXED|MAP_DENYWRITE, 3, 0x25000) = 0x7f0ee1873000 <0.000040>
mmap(0x7f0ee19eb000, 303104, PROT_READ, MAP_PRIVATE|MAP_FIXED|MAP_DENYWRITE, 3, 0x19d000) = 0x7f0ee19eb000 <0.000034>
mmap(0x7f0ee1a36000, 24576, PROT_READ|PROT_WRITE, MAP_PRIVATE|MAP_FIXED|MAP_DENYWRITE, 3, 0x1e7000) = 0x7f0ee1a36000 <0.000034>
mmap(0x7f0ee1a3c000, 13528, PROT_READ|PROT_WRITE, MAP_PRIVATE|MAP_FIXED|MAP_ANONYMOUS, -1, 0) = 0x7f0ee1a3c000 <0.000032>
close(3)                                = 0 <0.000024>
arch_prctl(ARCH_SET_FS, 0x7f0ee1a41540) = 0 <0.000024>
mprotect(0x7f0ee1a36000, 12288, PROT_READ) = 0 <0.000034>
mprotect(0x564ee6f14000, 4096, PROT_READ) = 0 <0.000031>
mprotect(0x7f0ee1a88000, 4096, PROT_READ) = 0 <0.000033>
munmap(0x7f0ee1a42000, 99391)           = 0 <0.000065>
fstat(1, {st_mode=S_IFCHR|0620, st_rdev=makedev(0x88, 0), ...}) = 0 <0.000026>
brk(NULL)                               = 0x564ee7f51000 <0.000024>
brk(0x564ee7f72000)                     = 0x564ee7f72000 <0.000028>
write(1, "hello, world\n", 13)          = 13 <0.000053>
exit_group(0)                           = ?
+++ exited with 0 +++
